Removing ran-share-uc_csp-recommendation-response_1            ... 
Removing ran-share-uc_csp-recommendation-incentive-processor_1 ... 
Removing ran-share-uc_csp-recommendation-processor_1           ... 
Removing ran-share-uc_csp_1                                    ... 
Removing ran-share-uc_csp-performance_1                        ... 
Removing ran-share-uc_csp_1                                    ... done
Removing ran-share-uc_csp-recommendation-processor_1           ... done
Removing ran-share-uc_csp-recommendation-incentive-processor_1 ... done
Removing ran-share-uc_csp-recommendation-response_1            ... done
Removing ran-share-uc_csp-performance_1                        ... done
Found orphan containers (ran-share-uc_mno2-performance_1, ran-share-uc_mno2-recommendation-incentive-processor_1, ran-share-uc_mno2-recommendation-response_1, ran-share-uc_mno-2_1, ran-share-uc_ran-regulator_1, ran-share-uc_mno1-recommendation-incentive-processor_1, ran-share-uc_mno1-recommendation-response_1, ran-share-uc_usage-data-processor_1, ran-share-uc_mno-1_1, ran-share-uc_regulator-recommendations-incentive_1, ran-share-uc_mno1-recommendation-processor_1, ran-share-uc_mno1-performance_1, ran-share-uc_regulator-recommendations_1, ran-share-uc_mno2-recommendation-processor_1) for this project. If you removed or renamed this service in your compose file, you can run this command with the --remove-orphans flag to clean it up.
Creating ran-share-uc_csp-recommendation-processor_1 ... 
Creating ran-share-uc_csp-recommendation-response_1  ... 
Creating ran-share-uc_csp-recommendation-incentive-processor_1 ... 
Creating ran-share-uc_csp-performance_1                        ... 
Creating ran-share-uc_csp_1                                    ... 
Creating ran-share-uc_csp-recommendation-processor_1           ... done
Creating ran-share-uc_csp_1                                    ... done
Creating ran-share-uc_csp-performance_1                        ... done
Creating ran-share-uc_csp-recommendation-response_1            ... done
Creating ran-share-uc_csp-recommendation-incentive-processor_1 ... done
